jz2327
*   2e68c5c 9th commit(4th on downtest)
|\  
| *   988d77b 6th commit(3rd on uptest)
| |\  
| * | 0e5adf0 5th commit(2nd on uptest)
* | |   a35cf2a 8th commit(3rd on downtest)
|\ \ \  
| | |/  
| |/|   
| * |   4a1abaa 4th commit(2nd on master)
| |\ \  
| | |/  
| |/|   
| * | 490ce65 2nd commit(1st on uptest)
* | | 91fc928 7th commit(2nd on downtest)
| |/  
|/|   
* | 98bb52c 3rd commit(1st on downtest)
|/  
* b81f73e 1st commit(1st on master)

ls3882
*   35567ad 9th commit - 5th master
|\  
| *   4335735 8th commit - 3rd b1
| |\  
| * | 21e486d 3rd commit - 2nd b1
* | |   a9bfa60 7th commit - 4th master
|\ \ \  
| | |/  
| |/|   
| * |   5c77540 6th commit - 1st b2
| |\ \  
| | |/  
| |/|   
| * | 8556a88 2nd commit - 1st b1
* | | e1f548e 5th commit - 3rd master
| |/  
|/|   
* | 595ed0c 4th commit - 2nd master
|/  
* ee021d2 1st commit - 1st master
