kl1405
*   1dc6f68 Merge branch 'testing1'
|\  
| *   48324c5 Merge branch 'testing2' into testing1
| |\  
| * | aa66f8a kaiwen
* | |   87c3d63 Merge branch 'testing2'
|\ \ \  
| | |/  
| |/|   
| * |   b4e05d7 Merge branch 'testing1' into testing2
| |\ \  
| | |/  
| | * c894849 kaiwen
* | | 24193cc kaiwen
|/ /  
* | ec02390 kaiwen
|/  
* 5836700 kaiwen
ls3882
*   35567ad 9th commit - 5th master
|\  
| *   4335735 8th commit - 3rd b1
| |\  
| * | 21e486d 3rd commit - 2nd b1
* | |   a9bfa60 7th commit - 4th master
|\ \ \  
| | |/  
| |/|   
| * |   5c77540 6th commit - 1st b2
| |\ \  
| | |/  
| |/|   
| * | 8556a88 2nd commit - 1st b1
* | | e1f548e 5th commit - 3rd master
| |/  
|/|   
* | 595ed0c 4th commit - 2nd master
|/  
* ee021d2 1st commit - 1st master
