lk1818

*   95f45ae Merge branch 'test1'

|\  

| *   5689f4d Merge branch 'test2' into test1

| |\  

| * | 356e79c 5 cmt

* | |   d5f24fd Merge branch 'test2'

|\ \ \  

| | |/  

| |/|   

| * |   7a469b9 Merge branch 'test1' into test2

| |\ \  

| | |/  

| | * 1f7afeb 4 cmt

* | | eead614 3 cmt

|/ /  

* | 32dfe45 2 cmt

|/  

* d3af35a 1 cmt
ls3882
*   35567ad 9th commit - 5th master
|\  
| *   4335735 8th commit - 3rd b1
| |\  
| * | 21e486d 3rd commit - 2nd b1
* | |   a9bfa60 7th commit - 4th master
|\ \ \  
| | |/  
| |/|   
| * |   5c77540 6th commit - 1st b2
| |\ \  
| | |/  
| |/|   
| * | 8556a88 2nd commit - 1st b1
* | | e1f548e 5th commit - 3rd master
| |/  
|/|   
* | 595ed0c 4th commit - 2nd master
|/  
* ee021d2 1st commit - 1st master
<<<<<<< HEAD
mx419
*   0912cf7 9 merge br1 7 on master 8
|\  
| *   3fe0cc9 7 merge br2 4 on br1 5
| |\  
| * | 756ea15 5 2 on br1
* | |   f3d8700 8 merge br2 4 on master 6
|\ \ \  
| | |/  
| |/|   
| * |   1795377 4  merge master to br2
| |\ \  
| | |/  
| |/|   
| * | 9a1ea63 2 1 on br1
* | | fcd1924 6 3 on master
| |/  
|/|   
* | 9720ae0 3 2 on master
|/  
* d6ea724 create master
=======
yz3085
*   0a4ff17 5th on master
|\  
| *   acd4c80 2nd on testing2
| |\  
| * | 250c2cd 1st on testing2
* | |   04dae84 4th on master
|\ \ \  
| | |/  
| |/|   
| * |   9080033 2nd on testing1
| |\ \  
| | |/  
| |/|   
| * | 45a354d 1st on testing1
* | | bbdefcd 3rd on master
| |/  
|/|   
* | 64afa10 2nd on master
|/  
* 8ecc7f0 1st on master
>>>>>>> origin
