ls3882
*   35567ad 9th commit - 5th master
|\  
| *   4335735 8th commit - 3rd b1
| |\  
| * | 21e486d 3rd commit - 2nd b1
* | |   a9bfa60 7th commit - 4th master
|\ \ \  
| | |/  
| |/|   
| * |   5c77540 6th commit - 1st b2
| |\ \  
| | |/  
| |/|   
| * | 8556a88 2nd commit - 1st b1
* | | e1f548e 5th commit - 3rd master
| |/  
|/|   
* | 595ed0c 4th commit - 2nd master
|/  
* ee021d2 1st commit - 1st master
mx419
*   0912cf7 9 merge br1 7 on master 8
|\  
| *   3fe0cc9 7 merge br2 4 on br1 5
| |\  
| * | 756ea15 5 2 on br1
* | |   f3d8700 8 merge br2 4 on master 6
|\ \ \  
| | |/  
| |/|   
| * |   1795377 4  merge master to br2
| |\ \  
| | |/  
| |/|   
| * | 9a1ea63 2 1 on br1
* | | fcd1924 6 3 on master
| |/  
|/|   
* | 9720ae0 3 2 on master
|/  
* d6ea724 create master
sl3368
*   4841fb8 Merge branch 'test'
|\  
| *   2e1388a Merge test2 into test
| |\  
| * | 1ff68ac 5th commit(2nd on test)
* | |   4dce17d Merge test2
|\ \ \  
| | |/  
| |/|   
| * |   a823961 test
| |\ \  
| | |/  
| | * 0239805 4th add on TEST(1st on test)
* | | f50a1c9 3rd commit(3rd on master)
|/ /  
* | 992bbda 2nd commit(2nd on master)
|/  
* 3d5a544 1st commit(1st on master)
