ls3882
*   35567ad 9th commit - 5th master
|\  
| *   4335735 8th commit - 3rd b1
| |\  
| * | 21e486d 3rd commit - 2nd b1
* | |   a9bfa60 7th commit - 4th master
|\ \ \  
| | |/  
| |/|   
| * |   5c77540 6th commit - 1st b2
| |\ \  
| | |/  
| |/|   
| * | 8556a88 2nd commit - 1st b1
* | | e1f548e 5th commit - 3rd master
| |/  
|/|   
* | 595ed0c 4th commit - 2nd master
|/  
* ee021d2 1st commit - 1st master
sy1743
*   a7cb831 Merge branch 'test1'
|\  
| *   eb4bc12 8th commit (3rd on test1).
| |\  
| * | 067aee6 7th commit (2nd on test1).
* | |   b476337 6th commit (4th on master).
|\ \ \  
| | |/  
| |/|   
| * |   fe07404 5th commit (2nd on test).
| |\ \  
| | |/  
| | * ebff5b2 4st commit (1st on test1).
* | | 86646d3 3st commit (3st on master).
|/ /  
* | 03478ac 2st commit (st on master).
|/  
* 690da84 1st commit (1st on master).
