ls3882
*   35567ad 9th commit - 5th master
|\  
| *   4335735 8th commit - 3rd b1
| |\  
| * | 21e486d 3rd commit - 2nd b1
* | |   a9bfa60 7th commit - 4th master
|\ \ \  
| | |/  
| |/|   
| * |   5c77540 6th commit - 1st b2
| |\ \  
| | |/  
| |/|   
| * | 8556a88 2nd commit - 1st b1
* | | e1f548e 5th commit - 3rd master
| |/  
|/|   
* | 595ed0c 4th commit - 2nd master
|/  
* ee021d2 1st commit - 1st master
mx419
*   0912cf7 9 merge br1 7 on master 8
|\  
| *   3fe0cc9 7 merge br2 4 on br1 5
| |\  
| * | 756ea15 5 2 on br1
* | |   f3d8700 8 merge br2 4 on master 6
|\ \ \  
| | |/  
| |/|   
| * |   1795377 4  merge master to br2
| |\ \  
| | |/  
| |/|   
| * | 9a1ea63 2 1 on br1
* | | fcd1924 6 3 on master
| |/  
|/|   
* | 9720ae0 3 2 on master
|/  
* d6ea724 create master
xc918
*   4d7fe6f 9cmt
|\  
| *   3028288 8cmt
| |\  
| * | 1b81b5d 7cmt
* | |   eaf82b8 6cmt
|\ \ \  
| | |/  
| |/|   
| * |   036d83c 5cmt
| |\ \  
| | |/  
| | * 4ebb796 4cmt,1cds1
* | | 70609c7 3cmt,3master
|/ /  
* | a137f71 2cmt,2master
|/  
* 5f7c5fb 1cmt, 1master
