ls3882
*   35567ad 9th commit - 5th master
|\  
| *   4335735 8th commit - 3rd b1
| |\  
| * | 21e486d 3rd commit - 2nd b1
* | |   a9bfa60 7th commit - 4th master
|\ \ \  
| | |/  
| |/|   
| * |   5c77540 6th commit - 1st b2
| |\ \  
| | |/  
| |/|   
| * | 8556a88 2nd commit - 1st b1
* | | e1f548e 5th commit - 3rd master
| |/  
|/|   
* | 595ed0c 4th commit - 2nd master
|/  
* ee021d2 1st commit - 1st master
yf511
*   fdd45d7 Merge branch 'testing1'
|\  
| *   cc245d8 Merge branch 'testing2' into testing1
| |\  
| * | 766ac6b hehe
* | |   a9afd63 Merge branch 'testing2'
|\ \ \  
| | |/  
| |/|   
| * |   28ad484 Merge branch 'testing1' into testing2
| |\ \  
| | |/  
| | * de534e0 hehe
* | | aa95a25 hehe
|/ /  
* | 07b36b6 hehe
|/  
* 9f80c52 hehe
