ls3882
*   35567ad 9th commit - 5th master
|\  
| *   4335735 8th commit - 3rd b1
| |\  
| * | 21e486d 3rd commit - 2nd b1
* | |   a9bfa60 7th commit - 4th master
|\ \ \  
| | |/  
| |/|   
| * |   5c77540 6th commit - 1st b2
| |\ \  
| | |/  
| |/|   
| * | 8556a88 2nd commit - 1st b1
* | | e1f548e 5th commit - 3rd master
| |/  
|/|   
* | 595ed0c 4th commit - 2nd master
|/  
* ee021d2 1st commit - 1st master
yz3085
*   0a4ff17 5th on master
|\  
| *   acd4c80 2nd on testing2
| |\  
| * | 250c2cd 1st on testing2
* | |   04dae84 4th on master
|\ \ \  
| | |/  
| |/|   
| * |   9080033 2nd on testing1
| |\ \  
| | |/  
| |/|   
| * | 45a354d 1st on testing1
* | | bbdefcd 3rd on master
| |/  
|/|   
* | 64afa10 2nd on master
|/  
* 8ecc7f0 1st on master
zw1074
*   213f324 5th on master
|\  
| *   3b27f98 Merge branch 'testing1' into testing2 2nd change on testing2
| |\  
| * | 789bfcd 1st on testing2
* | |   869bb9d 4th on master
|\ \ \  
| | |/  
| |/|   
| * |   8dcb3ac 2nd on testing1
| |\ \  
| | |/  
| |/|   
| * | b7576e3 1st on testing1
* | | 746dddc 3rd on master
| |/  
|/|   
* | 4dfa255 2nd on master
|/  
* 29a7027 1st on master
